<?xml version="1.0" encoding="UTF-8"?>
<!-- Generated by org.testng.reporters.JUnitReportReporter -->
<testsuite hostname="InkStation67" failures="0" tests="1" name="com.demoshop.tests.DigitalPageTest" time="9.297" errors="0" timestamp="14 Feb 2023 07:23:59 GMT">
  <testcase classname="com.demoshop.tests.DigitalPageTest" name="verifyDigitalPage" time="9.297"/>
</testsuite> <!-- com.demoshop.tests.DigitalPageTest -->
