<?xml version="1.0" encoding="UTF-8"?>
<!-- Generated by org.testng.reporters.JUnitReportReporter -->
<testsuite hostname="DESKTOP-A3SG09S" failures="0" tests="1" name="com.demoshop.tests.ComputerPageTests" time="19.138" errors="0" timestamp="10 Feb 2023 04:19:28 GMT">
  <testcase classname="com.demoshop.tests.ComputerPageTests" name="purchaseCheapComputer" time="19.138"/>
</testsuite> <!-- com.demoshop.tests.ComputerPageTests -->
