<?xml version="1.0" encoding="UTF-8"?>
<!-- Generated by org.testng.reporters.JUnitReportReporter -->
<testsuite hostname="DESKTOP-A3SG09S" failures="0" tests="1" name="com.demoshop.tests.LoginTests" time="11.643" errors="0" timestamp="6 Feb 2023 04:33:25 GMT">
  <testcase classname="com.demoshop.tests.LoginTests" name="validateUserLoginWithValidCredentials" time="11.643"/>
</testsuite> <!-- com.demoshop.tests.LoginTests -->
